{"/home/david/Programming/projects/Full-Stack/traveling-merchant/src/util/api-util.js": {"path":"/home/david/Programming/projects/Full-Stack/traveling-merchant/src/util/api-util.js","statementMap":{"0":{"start":{"line":1,"column":28},"end":{"line":7,"column":37}},"1":{"start":{"line":2,"column":2},"end":{"line":7,"column":37}},"2":{"start":{"line":5,"column":43},"end":{"line":5,"column":64}},"3":{"start":{"line":9,"column":37},"end":{"line":47,"column":2}},"4":{"start":{"line":9,"column":51},"end":{"line":47,"column":1}},"5":{"start":{"line":10,"column":25},"end":{"line":46,"column":3}},"6":{"start":{"line":12,"column":22},"end":{"line":12,"column":64}},"7":{"start":{"line":13,"column":43},"end":{"line":13,"column":66}},"8":{"start":{"line":16,"column":24},"end":{"line":20,"column":7}},"9":{"start":{"line":21,"column":32},"end":{"line":21,"column":61}},"10":{"start":{"line":24,"column":24},"end":{"line":28,"column":7}},"11":{"start":{"line":32,"column":35},"end":{"line":36,"column":7}},"12":{"start":{"line":37,"column":50},"end":{"line":37,"column":73}},"13":{"start":{"line":40,"column":22},"end":{"line":43,"column":7}},"14":{"start":{"line":44,"column":46},"end":{"line":44,"column":69}}},"fnMap":{"0":{"name":"(anonymous_0)","decl":{"start":{"line":1,"column":28},"end":{"line":1,"column":29}},"loc":{"start":{"line":2,"column":2},"end":{"line":7,"column":37}},"line":2},"1":{"name":"(anonymous_1)","decl":{"start":{"line":5,"column":30},"end":{"line":5,"column":31}},"loc":{"start":{"line":5,"column":43},"end":{"line":5,"column":64}},"line":5},"2":{"name":"(anonymous_2)","decl":{"start":{"line":9,"column":37},"end":{"line":9,"column":38}},"loc":{"start":{"line":9,"column":51},"end":{"line":47,"column":1}},"line":9},"3":{"name":"(anonymous_3)","decl":{"start":{"line":10,"column":13},"end":{"line":10,"column":14}},"loc":{"start":{"line":10,"column":25},"end":{"line":46,"column":3}},"line":10},"4":{"name":"(anonymous_4)","decl":{"start":{"line":12,"column":13},"end":{"line":12,"column":14}},"loc":{"start":{"line":12,"column":22},"end":{"line":12,"column":64}},"line":12},"5":{"name":"(anonymous_5)","decl":{"start":{"line":13,"column":20},"end":{"line":13,"column":21}},"loc":{"start":{"line":13,"column":43},"end":{"line":13,"column":66}},"line":13},"6":{"name":"(anonymous_6)","decl":{"start":{"line":16,"column":13},"end":{"line":16,"column":14}},"loc":{"start":{"line":16,"column":24},"end":{"line":20,"column":7}},"line":16},"7":{"name":"(anonymous_7)","decl":{"start":{"line":21,"column":20},"end":{"line":21,"column":21}},"loc":{"start":{"line":21,"column":32},"end":{"line":21,"column":61}},"line":21},"8":{"name":"(anonymous_8)","decl":{"start":{"line":24,"column":13},"end":{"line":24,"column":14}},"loc":{"start":{"line":24,"column":24},"end":{"line":28,"column":7}},"line":24},"9":{"name":"(anonymous_9)","decl":{"start":{"line":32,"column":13},"end":{"line":32,"column":14}},"loc":{"start":{"line":32,"column":35},"end":{"line":36,"column":7}},"line":32},"10":{"name":"(anonymous_10)","decl":{"start":{"line":37,"column":23},"end":{"line":37,"column":24}},"loc":{"start":{"line":37,"column":50},"end":{"line":37,"column":73}},"line":37},"11":{"name":"(anonymous_11)","decl":{"start":{"line":40,"column":13},"end":{"line":40,"column":14}},"loc":{"start":{"line":40,"column":22},"end":{"line":43,"column":7}},"line":40},"12":{"name":"(anonymous_12)","decl":{"start":{"line":44,"column":23},"end":{"line":44,"column":24}},"loc":{"start":{"line":44,"column":46},"end":{"line":44,"column":69}},"line":44}},"branchMap":{"0":{"loc":{"start":{"line":2,"column":2},"end":{"line":7,"column":37}},"type":"cond-expr","locations":[{"start":{"line":3,"column":6},"end":{"line":6,"column":7}},{"start":{"line":7,"column":6},"end":{"line":7,"column":37}}],"line":2}},"s":{"0":1,"1":2,"2":5,"3":1,"4":1,"5":0,"6":0,"7":0,"8":0,"9":0,"10":0,"11":0,"12":0,"13":0,"14":0},"f":{"0":2,"1":5,"2":1,"3":0,"4":0,"5":0,"6":0,"7":0,"8":0,"9":0,"10":0,"11":0,"12":0},"b":{"0":[1,1]},"_coverageSchema":"1a1c01bbd47fc00a2c39e90264f33305004495a9","hash":"de2df2e74c0e581275dce32caf6a2a86c2876cd6"}
,"/home/david/Programming/projects/Full-Stack/traveling-merchant/src/util/body-util.jsx": {"path":"/home/david/Programming/projects/Full-Stack/traveling-merchant/src/util/body-util.jsx","statementMap":{"0":{"start":{"line":4,"column":27},"end":{"line":14,"column":1}},"1":{"start":{"line":5,"column":20},"end":{"line":5,"column":75}},"2":{"start":{"line":7,"column":13},"end":{"line":7,"column":15}},"3":{"start":{"line":9,"column":2},"end":{"line":11,"column":4}},"4":{"start":{"line":10,"column":4},"end":{"line":10,"column":68}},"5":{"start":{"line":13,"column":2},"end":{"line":13,"column":26}},"6":{"start":{"line":16,"column":28},"end":{"line":30,"column":1}},"7":{"start":{"line":17,"column":2},"end":{"line":17,"column":23}},"8":{"start":{"line":17,"column":14},"end":{"line":17,"column":23}},"9":{"start":{"line":18,"column":18},"end":{"line":18,"column":20}},"10":{"start":{"line":20,"column":2},"end":{"line":27,"column":3}},"11":{"start":{"line":21,"column":16},"end":{"line":21,"column":21}},"12":{"start":{"line":24,"column":6},"end":{"line":24,"column":80}},"13":{"start":{"line":24,"column":37},"end":{"line":24,"column":71}},"14":{"start":{"line":26,"column":4},"end":{"line":26,"column":28}},"15":{"start":{"line":29,"column":2},"end":{"line":29,"column":18}},"16":{"start":{"line":32,"column":35},"end":{"line":86,"column":1}},"17":{"start":{"line":34,"column":4},"end":{"line":42,"column":10}},"18":{"start":{"line":44,"column":18},"end":{"line":44,"column":64}},"19":{"start":{"line":45,"column":19},"end":{"line":45,"column":21}},"20":{"start":{"line":47,"column":2},"end":{"line":69,"column":3}},"21":{"start":{"line":47,"column":15},"end":{"line":47,"column":16}},"22":{"start":{"line":48,"column":14},"end":{"line":48,"column":34}},"23":{"start":{"line":50,"column":4},"end":{"line":64,"column":5}},"24":{"start":{"line":55,"column":6},"end":{"line":55,"column":14}},"25":{"start":{"line":56,"column":11},"end":{"line":64,"column":5}},"26":{"start":{"line":57,"column":6},"end":{"line":57,"column":47}},"27":{"start":{"line":57,"column":39},"end":{"line":57,"column":47}},"28":{"start":{"line":59,"column":6},"end":{"line":59,"column":43}},"29":{"start":{"line":61,"column":6},"end":{"line":61,"column":46}},"30":{"start":{"line":62,"column":6},"end":{"line":62,"column":37}},"31":{"start":{"line":63,"column":6},"end":{"line":63,"column":31}},"32":{"start":{"line":66,"column":4},"end":{"line":66,"column":28}},"33":{"start":{"line":68,"column":4},"end":{"line":68,"column":24}},"34":{"start":{"line":71,"column":2},"end":{"line":83,"column":3}},"35":{"start":{"line":76,"column":4},"end":{"line":82,"column":24}},"36":{"start":{"line":85,"column":2},"end":{"line":85,"column":19}},"37":{"start":{"line":88,"column":35},"end":{"line":123,"column":1}},"38":{"start":{"line":89,"column":16},"end":{"line":89,"column":55}},"39":{"start":{"line":91,"column":2},"end":{"line":99,"column":3}},"40":{"start":{"line":92,"column":4},"end":{"line":98,"column":21}},"41":{"start":{"line":101,"column":19},"end":{"line":101,"column":21}},"42":{"start":{"line":103,"column":2},"end":{"line":120,"column":3}},"43":{"start":{"line":103,"column":15},"end":{"line":103,"column":16}},"44":{"start":{"line":104,"column":14},"end":{"line":104,"column":34}},"45":{"start":{"line":106,"column":4},"end":{"line":115,"column":5}},"46":{"start":{"line":107,"column":6},"end":{"line":107,"column":14}},"47":{"start":{"line":108,"column":11},"end":{"line":115,"column":5}},"48":{"start":{"line":109,"column":6},"end":{"line":109,"column":43}},"49":{"start":{"line":111,"column":6},"end":{"line":112,"column":75}},"50":{"start":{"line":113,"column":6},"end":{"line":113,"column":46}},"51":{"start":{"line":114,"column":6},"end":{"line":114,"column":31}},"52":{"start":{"line":117,"column":4},"end":{"line":117,"column":21}},"53":{"start":{"line":119,"column":4},"end":{"line":119,"column":24}},"54":{"start":{"line":122,"column":2},"end":{"line":122,"column":19}},"55":{"start":{"line":125,"column":28},"end":{"line":134,"column":1}},"56":{"start":{"line":126,"column":26},"end":{"line":126,"column":56}},"57":{"start":{"line":127,"column":20},"end":{"line":127,"column":79}},"58":{"start":{"line":127,"column":50},"end":{"line":127,"column":78}},"59":{"start":{"line":128,"column":2},"end":{"line":128,"column":30}},"60":{"start":{"line":128,"column":18},"end":{"line":128,"column":30}},"61":{"start":{"line":131,"column":64},"end":{"line":131,"column":78}},"62":{"start":{"line":133,"column":2},"end":{"line":133,"column":18}},"63":{"start":{"line":136,"column":26},"end":{"line":146,"column":1}},"64":{"start":{"line":137,"column":15},"end":{"line":137,"column":44}},"65":{"start":{"line":139,"column":2},"end":{"line":143,"column":3}},"66":{"start":{"line":140,"column":4},"end":{"line":142,"column":5}},"67":{"start":{"line":141,"column":6},"end":{"line":141,"column":17}},"68":{"start":{"line":145,"column":2},"end":{"line":145,"column":14}},"69":{"start":{"line":148,"column":26},"end":{"line":165,"column":1}},"70":{"start":{"line":149,"column":16},"end":{"line":160,"column":4}},"71":{"start":{"line":162,"column":2},"end":{"line":162,"column":41}},"72":{"start":{"line":164,"column":2},"end":{"line":164,"column":16}},"73":{"start":{"line":167,"column":29},"end":{"line":168,"column":55}},"74":{"start":{"line":168,"column":2},"end":{"line":168,"column":55}},"75":{"start":{"line":168,"column":33},"end":{"line":168,"column":54}},"76":{"start":{"line":170,"column":32},"end":{"line":192,"column":1}},"77":{"start":{"line":171,"column":19},"end":{"line":171,"column":21}},"78":{"start":{"line":173,"column":2},"end":{"line":189,"column":3}},"79":{"start":{"line":174,"column":22},"end":{"line":174,"column":44}},"80":{"start":{"line":175,"column":29},"end":{"line":186,"column":6}},"81":{"start":{"line":176,"column":6},"end":{"line":185,"column":12}},"82":{"start":{"line":188,"column":4},"end":{"line":188,"column":52}},"83":{"start":{"line":191,"column":2},"end":{"line":191,"column":19}},"84":{"start":{"line":194,"column":30},"end":{"line":200,"column":1}},"85":{"start":{"line":195,"column":2},"end":{"line":195,"column":24}},"86":{"start":{"line":195,"column":13},"end":{"line":195,"column":24}},"87":{"start":{"line":197,"column":2},"end":{"line":199,"column":3}},"88":{"start":{"line":198,"column":4},"end":{"line":198,"column":26}},"89":{"start":{"line":198,"column":15},"end":{"line":198,"column":26}},"90":{"start":{"line":202,"column":31},"end":{"line":224,"column":1}},"91":{"start":{"line":203,"column":20},"end":{"line":203,"column":48}},"92":{"start":{"line":205,"column":2},"end":{"line":205,"column":33}},"93":{"start":{"line":205,"column":17},"end":{"line":205,"column":33}},"94":{"start":{"line":207,"column":2},"end":{"line":221,"column":3}},"95":{"start":{"line":208,"column":18},"end":{"line":208,"column":32}},"96":{"start":{"line":210,"column":4},"end":{"line":220,"column":5}},"97":{"start":{"line":211,"column":6},"end":{"line":211,"column":17}},"98":{"start":{"line":212,"column":11},"end":{"line":220,"column":5}},"99":{"start":{"line":217,"column":6},"end":{"line":217,"column":17}},"100":{"start":{"line":218,"column":11},"end":{"line":220,"column":5}},"101":{"start":{"line":219,"column":6},"end":{"line":219,"column":17}},"102":{"start":{"line":223,"column":2},"end":{"line":223,"column":14}},"103":{"start":{"line":226,"column":26},"end":{"line":247,"column":1}},"104":{"start":{"line":227,"column":18},"end":{"line":227,"column":20}},"105":{"start":{"line":229,"column":2},"end":{"line":244,"column":3}},"106":{"start":{"line":230,"column":4},"end":{"line":243,"column":5}},"107":{"start":{"line":236,"column":6},"end":{"line":240,"column":7}},"108":{"start":{"line":237,"column":8},"end":{"line":237,"column":33}},"109":{"start":{"line":239,"column":8},"end":{"line":239,"column":43}},"110":{"start":{"line":241,"column":11},"end":{"line":243,"column":5}},"111":{"start":{"line":242,"column":6},"end":{"line":242,"column":31}},"112":{"start":{"line":246,"column":2},"end":{"line":246,"column":16}}},"fnMap":{"0":{"name":"(anonymous_0)","decl":{"start":{"line":4,"column":27},"end":{"line":4,"column":28}},"loc":{"start":{"line":4,"column":41},"end":{"line":14,"column":1}},"line":4},"1":{"name":"(anonymous_1)","decl":{"start":{"line":9,"column":20},"end":{"line":9,"column":21}},"loc":{"start":{"line":9,"column":30},"end":{"line":11,"column":3}},"line":9},"2":{"name":"(anonymous_2)","decl":{"start":{"line":16,"column":28},"end":{"line":16,"column":29}},"loc":{"start":{"line":16,"column":39},"end":{"line":30,"column":1}},"line":16},"3":{"name":"(anonymous_3)","decl":{"start":{"line":24,"column":28},"end":{"line":24,"column":29}},"loc":{"start":{"line":24,"column":37},"end":{"line":24,"column":71}},"line":24},"4":{"name":"(anonymous_4)","decl":{"start":{"line":32,"column":35},"end":{"line":32,"column":36}},"loc":{"start":{"line":32,"column":69},"end":{"line":86,"column":1}},"line":32},"5":{"name":"(anonymous_5)","decl":{"start":{"line":88,"column":35},"end":{"line":88,"column":36}},"loc":{"start":{"line":88,"column":49},"end":{"line":123,"column":1}},"line":88},"6":{"name":"(anonymous_6)","decl":{"start":{"line":125,"column":28},"end":{"line":125,"column":29}},"loc":{"start":{"line":125,"column":49},"end":{"line":134,"column":1}},"line":125},"7":{"name":"(anonymous_7)","decl":{"start":{"line":127,"column":41},"end":{"line":127,"column":42}},"loc":{"start":{"line":127,"column":50},"end":{"line":127,"column":78}},"line":127},"8":{"name":"(anonymous_8)","decl":{"start":{"line":136,"column":26},"end":{"line":136,"column":27}},"loc":{"start":{"line":136,"column":47},"end":{"line":146,"column":1}},"line":136},"9":{"name":"(anonymous_9)","decl":{"start":{"line":148,"column":26},"end":{"line":148,"column":27}},"loc":{"start":{"line":148,"column":37},"end":{"line":165,"column":1}},"line":148},"10":{"name":"(anonymous_10)","decl":{"start":{"line":167,"column":29},"end":{"line":167,"column":30}},"loc":{"start":{"line":168,"column":2},"end":{"line":168,"column":55}},"line":168},"11":{"name":"(anonymous_11)","decl":{"start":{"line":168,"column":26},"end":{"line":168,"column":27}},"loc":{"start":{"line":168,"column":33},"end":{"line":168,"column":54}},"line":168},"12":{"name":"(anonymous_12)","decl":{"start":{"line":170,"column":32},"end":{"line":170,"column":33}},"loc":{"start":{"line":170,"column":61},"end":{"line":192,"column":1}},"line":170},"13":{"name":"(anonymous_13)","decl":{"start":{"line":175,"column":44},"end":{"line":175,"column":45}},"loc":{"start":{"line":176,"column":6},"end":{"line":185,"column":12}},"line":176},"14":{"name":"(anonymous_14)","decl":{"start":{"line":194,"column":30},"end":{"line":194,"column":31}},"loc":{"start":{"line":194,"column":48},"end":{"line":200,"column":1}},"line":194},"15":{"name":"(anonymous_15)","decl":{"start":{"line":202,"column":31},"end":{"line":202,"column":32}},"loc":{"start":{"line":202,"column":70},"end":{"line":224,"column":1}},"line":202},"16":{"name":"(anonymous_16)","decl":{"start":{"line":226,"column":26},"end":{"line":226,"column":27}},"loc":{"start":{"line":226,"column":36},"end":{"line":247,"column":1}},"line":226}},"branchMap":{"0":{"loc":{"start":{"line":17,"column":2},"end":{"line":17,"column":23}},"type":"if","locations":[{"start":{"line":17,"column":2},"end":{"line":17,"column":23}},{"start":{},"end":{}}],"line":17},"1":{"loc":{"start":{"line":20,"column":2},"end":{"line":27,"column":3}},"type":"if","locations":[{"start":{"line":20,"column":2},"end":{"line":27,"column":3}},{"start":{},"end":{}}],"line":20},"2":{"loc":{"start":{"line":20,"column":6},"end":{"line":20,"column":56}},"type":"binary-expr","locations":[{"start":{"line":20,"column":6},"end":{"line":20,"column":31}},{"start":{"line":20,"column":35},"end":{"line":20,"column":56}}],"line":20},"3":{"loc":{"start":{"line":24,"column":6},"end":{"line":24,"column":80}},"type":"binary-expr","locations":[{"start":{"line":24,"column":6},"end":{"line":24,"column":72}},{"start":{"line":24,"column":76},"end":{"line":24,"column":80}}],"line":24},"4":{"loc":{"start":{"line":34,"column":4},"end":{"line":42,"column":10}},"type":"cond-expr","locations":[{"start":{"line":35,"column":8},"end":{"line":41,"column":9}},{"start":{"line":42,"column":8},"end":{"line":42,"column":10}}],"line":34},"5":{"loc":{"start":{"line":50,"column":4},"end":{"line":64,"column":5}},"type":"if","locations":[{"start":{"line":50,"column":4},"end":{"line":64,"column":5}},{"start":{"line":56,"column":11},"end":{"line":64,"column":5}}],"line":50},"6":{"loc":{"start":{"line":51,"column":6},"end":{"line":53,"column":33}},"type":"binary-expr","locations":[{"start":{"line":51,"column":6},"end":{"line":51,"column":36}},{"start":{"line":52,"column":6},"end":{"line":52,"column":43}},{"start":{"line":53,"column":6},"end":{"line":53,"column":33}}],"line":51},"7":{"loc":{"start":{"line":56,"column":11},"end":{"line":64,"column":5}},"type":"if","locations":[{"start":{"line":56,"column":11},"end":{"line":64,"column":5}},{"start":{},"end":{}}],"line":56},"8":{"loc":{"start":{"line":56,"column":15},"end":{"line":56,"column":72}},"type":"binary-expr","locations":[{"start":{"line":56,"column":15},"end":{"line":56,"column":42}},{"start":{"line":56,"column":46},"end":{"line":56,"column":72}}],"line":56},"9":{"loc":{"start":{"line":57,"column":6},"end":{"line":57,"column":47}},"type":"if","locations":[{"start":{"line":57,"column":6},"end":{"line":57,"column":47}},{"start":{},"end":{}}],"line":57},"10":{"loc":{"start":{"line":71,"column":2},"end":{"line":83,"column":3}},"type":"if","locations":[{"start":{"line":71,"column":2},"end":{"line":83,"column":3}},{"start":{},"end":{}}],"line":71},"11":{"loc":{"start":{"line":72,"column":4},"end":{"line":74,"column":38}},"type":"binary-expr","locations":[{"start":{"line":72,"column":4},"end":{"line":72,"column":31}},{"start":{"line":73,"column":4},"end":{"line":73,"column":30}},{"start":{"line":74,"column":4},"end":{"line":74,"column":38}}],"line":72},"12":{"loc":{"start":{"line":91,"column":2},"end":{"line":99,"column":3}},"type":"if","locations":[{"start":{"line":91,"column":2},"end":{"line":99,"column":3}},{"start":{},"end":{}}],"line":91},"13":{"loc":{"start":{"line":106,"column":4},"end":{"line":115,"column":5}},"type":"if","locations":[{"start":{"line":106,"column":4},"end":{"line":115,"column":5}},{"start":{"line":108,"column":11},"end":{"line":115,"column":5}}],"line":106},"14":{"loc":{"start":{"line":108,"column":11},"end":{"line":115,"column":5}},"type":"if","locations":[{"start":{"line":108,"column":11},"end":{"line":115,"column":5}},{"start":{},"end":{}}],"line":108},"15":{"loc":{"start":{"line":128,"column":2},"end":{"line":128,"column":30}},"type":"if","locations":[{"start":{"line":128,"column":2},"end":{"line":128,"column":30}},{"start":{},"end":{}}],"line":128},"16":{"loc":{"start":{"line":140,"column":4},"end":{"line":142,"column":5}},"type":"if","locations":[{"start":{"line":140,"column":4},"end":{"line":142,"column":5}},{"start":{},"end":{}}],"line":140},"17":{"loc":{"start":{"line":140,"column":8},"end":{"line":140,"column":68}},"type":"binary-expr","locations":[{"start":{"line":140,"column":8},"end":{"line":140,"column":22}},{"start":{"line":140,"column":26},"end":{"line":140,"column":68}}],"line":140},"18":{"loc":{"start":{"line":178,"column":35},"end":{"line":178,"column":70}},"type":"cond-expr","locations":[{"start":{"line":178,"column":56},"end":{"line":178,"column":65}},{"start":{"line":178,"column":68},"end":{"line":178,"column":70}}],"line":178},"19":{"loc":{"start":{"line":195,"column":2},"end":{"line":195,"column":24}},"type":"if","locations":[{"start":{"line":195,"column":2},"end":{"line":195,"column":24}},{"start":{},"end":{}}],"line":195},"20":{"loc":{"start":{"line":198,"column":4},"end":{"line":198,"column":26}},"type":"if","locations":[{"start":{"line":198,"column":4},"end":{"line":198,"column":26}},{"start":{},"end":{}}],"line":198},"21":{"loc":{"start":{"line":205,"column":2},"end":{"line":205,"column":33}},"type":"if","locations":[{"start":{"line":205,"column":2},"end":{"line":205,"column":33}},{"start":{},"end":{}}],"line":205},"22":{"loc":{"start":{"line":210,"column":4},"end":{"line":220,"column":5}},"type":"if","locations":[{"start":{"line":210,"column":4},"end":{"line":220,"column":5}},{"start":{"line":212,"column":11},"end":{"line":220,"column":5}}],"line":210},"23":{"loc":{"start":{"line":210,"column":8},"end":{"line":210,"column":50}},"type":"binary-expr","locations":[{"start":{"line":210,"column":8},"end":{"line":210,"column":28}},{"start":{"line":210,"column":32},"end":{"line":210,"column":50}}],"line":210},"24":{"loc":{"start":{"line":212,"column":11},"end":{"line":220,"column":5}},"type":"if","locations":[{"start":{"line":212,"column":11},"end":{"line":220,"column":5}},{"start":{"line":218,"column":11},"end":{"line":220,"column":5}}],"line":212},"25":{"loc":{"start":{"line":213,"column":6},"end":{"line":215,"column":37}},"type":"binary-expr","locations":[{"start":{"line":213,"column":6},"end":{"line":213,"column":31}},{"start":{"line":214,"column":6},"end":{"line":214,"column":20}},{"start":{"line":215,"column":6},"end":{"line":215,"column":37}}],"line":213},"26":{"loc":{"start":{"line":218,"column":11},"end":{"line":220,"column":5}},"type":"if","locations":[{"start":{"line":218,"column":11},"end":{"line":220,"column":5}},{"start":{},"end":{}}],"line":218},"27":{"loc":{"start":{"line":230,"column":4},"end":{"line":243,"column":5}},"type":"if","locations":[{"start":{"line":230,"column":4},"end":{"line":243,"column":5}},{"start":{"line":241,"column":11},"end":{"line":243,"column":5}}],"line":230},"28":{"loc":{"start":{"line":231,"column":6},"end":{"line":234,"column":35}},"type":"binary-expr","locations":[{"start":{"line":231,"column":6},"end":{"line":231,"column":31}},{"start":{"line":232,"column":6},"end":{"line":232,"column":20}},{"start":{"line":233,"column":6},"end":{"line":233,"column":27}},{"start":{"line":234,"column":6},"end":{"line":234,"column":35}}],"line":231},"29":{"loc":{"start":{"line":236,"column":6},"end":{"line":240,"column":7}},"type":"if","locations":[{"start":{"line":236,"column":6},"end":{"line":240,"column":7}},{"start":{"line":238,"column":13},"end":{"line":240,"column":7}}],"line":236},"30":{"loc":{"start":{"line":241,"column":11},"end":{"line":243,"column":5}},"type":"if","locations":[{"start":{"line":241,"column":11},"end":{"line":243,"column":5}},{"start":{},"end":{}}],"line":241},"31":{"loc":{"start":{"line":241,"column":15},"end":{"line":241,"column":35}},"type":"binary-expr","locations":[{"start":{"line":241,"column":15},"end":{"line":241,"column":20}},{"start":{"line":241,"column":24},"end":{"line":241,"column":35}}],"line":241}},"s":{"0":1,"1":0,"2":0,"3":0,"4":0,"5":0,"6":1,"7":0,"8":0,"9":0,"10":0,"11":0,"12":0,"13":0,"14":0,"15":0,"16":1,"17":0,"18":0,"19":0,"20":0,"21":0,"22":0,"23":0,"24":0,"25":0,"26":0,"27":0,"28":0,"29":0,"30":0,"31":0,"32":0,"33":0,"34":0,"35":0,"36":0,"37":1,"38":0,"39":0,"40":0,"41":0,"42":0,"43":0,"44":0,"45":0,"46":0,"47":0,"48":0,"49":0,"50":0,"51":0,"52":0,"53":0,"54":0,"55":1,"56":0,"57":0,"58":0,"59":0,"60":0,"61":0,"62":0,"63":1,"64":0,"65":0,"66":0,"67":0,"68":0,"69":1,"70":0,"71":0,"72":0,"73":1,"74":0,"75":0,"76":1,"77":0,"78":0,"79":0,"80":0,"81":0,"82":0,"83":0,"84":1,"85":0,"86":0,"87":0,"88":0,"89":0,"90":1,"91":0,"92":0,"93":0,"94":0,"95":0,"96":0,"97":0,"98":0,"99":0,"100":0,"101":0,"102":0,"103":1,"104":0,"105":0,"106":0,"107":0,"108":0,"109":0,"110":0,"111":0,"112":0},"f":{"0":0,"1":0,"2":0,"3":0,"4":0,"5":0,"6":0,"7":0,"8":0,"9":0,"10":0,"11":0,"12":0,"13":0,"14":0,"15":0,"16":0},"b":{"0":[0,0],"1":[0,0],"2":[0,0],"3":[0,0],"4":[0,0],"5":[0,0],"6":[0,0,0],"7":[0,0],"8":[0,0],"9":[0,0],"10":[0,0],"11":[0,0,0],"12":[0,0],"13":[0,0],"14":[0,0],"15":[0,0],"16":[0,0],"17":[0,0],"18":[0,0],"19":[0,0],"20":[0,0],"21":[0,0],"22":[0,0],"23":[0,0],"24":[0,0],"25":[0,0,0],"26":[0,0],"27":[0,0],"28":[0,0,0,0],"29":[0,0],"30":[0,0],"31":[0,0]},"_coverageSchema":"1a1c01bbd47fc00a2c39e90264f33305004495a9","hash":"214837ec77c53368d96a45f79c74a24826d4ade7"}
,"/home/david/Programming/projects/Full-Stack/traveling-merchant/src/util/filters-util.jsx": {"path":"/home/david/Programming/projects/Full-Stack/traveling-merchant/src/util/filters-util.jsx","statementMap":{"0":{"start":{"line":11,"column":28},"end":{"line":101,"column":1}},"1":{"start":{"line":15,"column":6},"end":{"line":15,"column":12}},"2":{"start":{"line":17,"column":2},"end":{"line":17,"column":43}},"3":{"start":{"line":17,"column":27},"end":{"line":17,"column":43}},"4":{"start":{"line":19,"column":2},"end":{"line":100,"column":3}},"5":{"start":{"line":21,"column":6},"end":{"line":21,"column":43}},"6":{"start":{"line":22,"column":6},"end":{"line":22,"column":54}},"7":{"start":{"line":22,"column":31},"end":{"line":22,"column":54}},"8":{"start":{"line":24,"column":6},"end":{"line":24,"column":11}},"9":{"start":{"line":27,"column":6},"end":{"line":27,"column":42}},"10":{"start":{"line":28,"column":6},"end":{"line":35,"column":7}},"11":{"start":{"line":29,"column":22},"end":{"line":29,"column":38}},"12":{"start":{"line":31,"column":8},"end":{"line":31,"column":35}},"13":{"start":{"line":31,"column":20},"end":{"line":31,"column":35}},"14":{"start":{"line":32,"column":48},"end":{"line":32,"column":53}},"15":{"start":{"line":34,"column":8},"end":{"line":34,"column":58}},"16":{"start":{"line":37,"column":6},"end":{"line":37,"column":11}},"17":{"start":{"line":41,"column":6},"end":{"line":41,"column":36}},"18":{"start":{"line":43,"column":6},"end":{"line":43,"column":11}},"19":{"start":{"line":47,"column":6},"end":{"line":47,"column":38}},"20":{"start":{"line":48,"column":6},"end":{"line":48,"column":36}},"21":{"start":{"line":49,"column":6},"end":{"line":51,"column":53}},"22":{"start":{"line":50,"column":21},"end":{"line":50,"column":55}},"23":{"start":{"line":51,"column":21},"end":{"line":51,"column":53}},"24":{"start":{"line":53,"column":6},"end":{"line":53,"column":11}},"25":{"start":{"line":57,"column":6},"end":{"line":68,"column":7}},"26":{"start":{"line":58,"column":26},"end":{"line":58,"column":42}},"27":{"start":{"line":59,"column":26},"end":{"line":59,"column":39}},"28":{"start":{"line":61,"column":8},"end":{"line":61,"column":69}},"29":{"start":{"line":61,"column":34},"end":{"line":61,"column":69}},"30":{"start":{"line":63,"column":8},"end":{"line":63,"column":40}},"31":{"start":{"line":63,"column":24},"end":{"line":63,"column":40}},"32":{"start":{"line":65,"column":8},"end":{"line":67,"column":28}},"33":{"start":{"line":70,"column":6},"end":{"line":70,"column":11}},"34":{"start":{"line":74,"column":6},"end":{"line":74,"column":74}},"35":{"start":{"line":74,"column":31},"end":{"line":74,"column":74}},"36":{"start":{"line":75,"column":6},"end":{"line":75,"column":34}},"37":{"start":{"line":76,"column":6},"end":{"line":76,"column":36}},"38":{"start":{"line":78,"column":6},"end":{"line":78,"column":11}},"39":{"start":{"line":82,"column":6},"end":{"line":82,"column":53}},"40":{"start":{"line":82,"column":31},"end":{"line":82,"column":53}},"41":{"start":{"line":83,"column":6},"end":{"line":83,"column":37}},"42":{"start":{"line":85,"column":6},"end":{"line":85,"column":11}},"43":{"start":{"line":89,"column":6},"end":{"line":89,"column":37}},"44":{"start":{"line":90,"column":6},"end":{"line":98,"column":7}},"45":{"start":{"line":91,"column":22},"end":{"line":91,"column":59}},"46":{"start":{"line":93,"column":8},"end":{"line":97,"column":9}},"47":{"start":{"line":94,"column":21},"end":{"line":94,"column":37}},"48":{"start":{"line":96,"column":10},"end":{"line":96,"column":67}},"49":{"start":{"line":103,"column":26},"end":{"line":103,"column":75}},"50":{"start":{"line":103,"column":40},"end":{"line":103,"column":74}},"51":{"start":{"line":105,"column":29},"end":{"line":130,"column":1}},"52":{"start":{"line":106,"column":2},"end":{"line":106,"column":60}},"53":{"start":{"line":106,"column":30},"end":{"line":106,"column":59}},"54":{"start":{"line":108,"column":19},"end":{"line":108,"column":26}},"55":{"start":{"line":110,"column":2},"end":{"line":119,"column":3}},"56":{"start":{"line":111,"column":4},"end":{"line":118,"column":21}},"57":{"start":{"line":116,"column":25},"end":{"line":116,"column":41}},"58":{"start":{"line":121,"column":2},"end":{"line":127,"column":3}},"59":{"start":{"line":125,"column":4},"end":{"line":125,"column":42}},"60":{"start":{"line":126,"column":4},"end":{"line":126,"column":42}},"61":{"start":{"line":129,"column":2},"end":{"line":129,"column":19}},"62":{"start":{"line":132,"column":33},"end":{"line":136,"column":1}},"63":{"start":{"line":133,"column":18},"end":{"line":133,"column":48}},"64":{"start":{"line":135,"column":2},"end":{"line":135,"column":31}}},"fnMap":{"0":{"name":"(anonymous_0)","decl":{"start":{"line":11,"column":28},"end":{"line":11,"column":29}},"loc":{"start":{"line":11,"column":49},"end":{"line":101,"column":1}},"line":11},"1":{"name":"(anonymous_1)","decl":{"start":{"line":17,"column":16},"end":{"line":17,"column":17}},"loc":{"start":{"line":17,"column":27},"end":{"line":17,"column":43}},"line":17},"2":{"name":"(anonymous_2)","decl":{"start":{"line":22,"column":20},"end":{"line":22,"column":21}},"loc":{"start":{"line":22,"column":31},"end":{"line":22,"column":54}},"line":22},"3":{"name":"(anonymous_3)","decl":{"start":{"line":28,"column":20},"end":{"line":28,"column":21}},"loc":{"start":{"line":28,"column":31},"end":{"line":35,"column":7}},"line":28},"4":{"name":"(anonymous_4)","decl":{"start":{"line":50,"column":10},"end":{"line":50,"column":11}},"loc":{"start":{"line":50,"column":21},"end":{"line":50,"column":55}},"line":50},"5":{"name":"(anonymous_5)","decl":{"start":{"line":51,"column":10},"end":{"line":51,"column":11}},"loc":{"start":{"line":51,"column":21},"end":{"line":51,"column":53}},"line":51},"6":{"name":"(anonymous_6)","decl":{"start":{"line":57,"column":20},"end":{"line":57,"column":21}},"loc":{"start":{"line":57,"column":31},"end":{"line":68,"column":7}},"line":57},"7":{"name":"(anonymous_7)","decl":{"start":{"line":74,"column":20},"end":{"line":74,"column":21}},"loc":{"start":{"line":74,"column":31},"end":{"line":74,"column":74}},"line":74},"8":{"name":"(anonymous_8)","decl":{"start":{"line":82,"column":20},"end":{"line":82,"column":21}},"loc":{"start":{"line":82,"column":31},"end":{"line":82,"column":53}},"line":82},"9":{"name":"(anonymous_9)","decl":{"start":{"line":93,"column":22},"end":{"line":93,"column":23}},"loc":{"start":{"line":93,"column":33},"end":{"line":97,"column":9}},"line":93},"10":{"name":"(anonymous_10)","decl":{"start":{"line":103,"column":26},"end":{"line":103,"column":27}},"loc":{"start":{"line":103,"column":40},"end":{"line":103,"column":74}},"line":103},"11":{"name":"(anonymous_11)","decl":{"start":{"line":105,"column":29},"end":{"line":105,"column":30}},"loc":{"start":{"line":105,"column":58},"end":{"line":130,"column":1}},"line":105},"12":{"name":"(anonymous_12)","decl":{"start":{"line":106,"column":18},"end":{"line":106,"column":19}},"loc":{"start":{"line":106,"column":30},"end":{"line":106,"column":59}},"line":106},"13":{"name":"(anonymous_13)","decl":{"start":{"line":116,"column":14},"end":{"line":116,"column":15}},"loc":{"start":{"line":116,"column":25},"end":{"line":116,"column":41}},"line":116},"14":{"name":"(anonymous_14)","decl":{"start":{"line":132,"column":33},"end":{"line":132,"column":34}},"loc":{"start":{"line":132,"column":44},"end":{"line":136,"column":1}},"line":132}},"branchMap":{"0":{"loc":{"start":{"line":19,"column":2},"end":{"line":100,"column":3}},"type":"switch","locations":[{"start":{"line":20,"column":4},"end":{"line":25,"column":5}},{"start":{"line":26,"column":4},"end":{"line":38,"column":5}},{"start":{"line":40,"column":4},"end":{"line":44,"column":5}},{"start":{"line":46,"column":4},"end":{"line":54,"column":5}},{"start":{"line":56,"column":4},"end":{"line":71,"column":5}},{"start":{"line":73,"column":4},"end":{"line":79,"column":5}},{"start":{"line":81,"column":4},"end":{"line":86,"column":5}},{"start":{"line":88,"column":4},"end":{"line":99,"column":5}}],"line":19},"1":{"loc":{"start":{"line":31,"column":8},"end":{"line":31,"column":35}},"type":"if","locations":[{"start":{"line":31,"column":8},"end":{"line":31,"column":35}},{"start":{},"end":{}}],"line":31},"2":{"loc":{"start":{"line":49,"column":20},"end":{"line":51,"column":53}},"type":"cond-expr","locations":[{"start":{"line":50,"column":10},"end":{"line":50,"column":55}},{"start":{"line":51,"column":10},"end":{"line":51,"column":53}}],"line":49},"3":{"loc":{"start":{"line":59,"column":26},"end":{"line":59,"column":39}},"type":"binary-expr","locations":[{"start":{"line":59,"column":26},"end":{"line":59,"column":33}},{"start":{"line":59,"column":37},"end":{"line":59,"column":39}}],"line":59},"4":{"loc":{"start":{"line":61,"column":8},"end":{"line":61,"column":69}},"type":"if","locations":[{"start":{"line":61,"column":8},"end":{"line":61,"column":69}},{"start":{},"end":{}}],"line":61},"5":{"loc":{"start":{"line":63,"column":8},"end":{"line":63,"column":40}},"type":"if","locations":[{"start":{"line":63,"column":8},"end":{"line":63,"column":40}},{"start":{},"end":{}}],"line":63},"6":{"loc":{"start":{"line":65,"column":15},"end":{"line":67,"column":28}},"type":"cond-expr","locations":[{"start":{"line":66,"column":12},"end":{"line":66,"column":60}},{"start":{"line":67,"column":12},"end":{"line":67,"column":28}}],"line":65},"7":{"loc":{"start":{"line":65,"column":15},"end":{"line":65,"column":56}},"type":"binary-expr","locations":[{"start":{"line":65,"column":15},"end":{"line":65,"column":24}},{"start":{"line":65,"column":28},"end":{"line":65,"column":56}}],"line":65},"8":{"loc":{"start":{"line":90,"column":6},"end":{"line":98,"column":7}},"type":"if","locations":[{"start":{"line":90,"column":6},"end":{"line":98,"column":7}},{"start":{},"end":{}}],"line":90},"9":{"loc":{"start":{"line":96,"column":17},"end":{"line":96,"column":67}},"type":"cond-expr","locations":[{"start":{"line":96,"column":22},"end":{"line":96,"column":62}},{"start":{"line":96,"column":65},"end":{"line":96,"column":67}}],"line":96},"10":{"loc":{"start":{"line":103,"column":40},"end":{"line":103,"column":74}},"type":"cond-expr","locations":[{"start":{"line":103,"column":62},"end":{"line":103,"column":66}},{"start":{"line":103,"column":69},"end":{"line":103,"column":74}}],"line":103},"11":{"loc":{"start":{"line":105,"column":39},"end":{"line":105,"column":53}},"type":"default-arg","locations":[{"start":{"line":105,"column":49},"end":{"line":105,"column":53}}],"line":105},"12":{"loc":{"start":{"line":110,"column":2},"end":{"line":119,"column":3}},"type":"if","locations":[{"start":{"line":110,"column":2},"end":{"line":119,"column":3}},{"start":{},"end":{}}],"line":110},"13":{"loc":{"start":{"line":121,"column":2},"end":{"line":127,"column":3}},"type":"if","locations":[{"start":{"line":121,"column":2},"end":{"line":127,"column":3}},{"start":{},"end":{}}],"line":121},"14":{"loc":{"start":{"line":122,"column":4},"end":{"line":123,"column":41}},"type":"binary-expr","locations":[{"start":{"line":122,"column":4},"end":{"line":122,"column":42}},{"start":{"line":123,"column":4},"end":{"line":123,"column":41}}],"line":122}},"s":{"0":2,"1":0,"2":0,"3":0,"4":0,"5":0,"6":0,"7":0,"8":0,"9":0,"10":0,"11":0,"12":0,"13":0,"14":0,"15":0,"16":0,"17":0,"18":0,"19":0,"20":0,"21":0,"22":0,"23":0,"24":0,"25":0,"26":0,"27":0,"28":0,"29":0,"30":0,"31":0,"32":0,"33":0,"34":0,"35":0,"36":0,"37":0,"38":0,"39":0,"40":0,"41":0,"42":0,"43":0,"44":0,"45":0,"46":0,"47":0,"48":0,"49":2,"50":0,"51":2,"52":0,"53":0,"54":0,"55":0,"56":0,"57":0,"58":0,"59":0,"60":0,"61":0,"62":2,"63":0,"64":0},"f":{"0":0,"1":0,"2":0,"3":0,"4":0,"5":0,"6":0,"7":0,"8":0,"9":0,"10":0,"11":0,"12":0,"13":0,"14":0},"b":{"0":[0,0,0,0,0,0,0,0],"1":[0,0],"2":[0,0],"3":[0,0],"4":[0,0],"5":[0,0],"6":[0,0],"7":[0,0],"8":[0,0],"9":[0,0],"10":[0,0],"11":[0],"12":[0,0],"13":[0,0],"14":[0,0]},"_coverageSchema":"1a1c01bbd47fc00a2c39e90264f33305004495a9","hash":"23d0b5518dd655fb3f2c915138509c338b34cf7a"}
,"/home/david/Programming/projects/Full-Stack/traveling-merchant/src/util/formatters.js": {"path":"/home/david/Programming/projects/Full-Stack/traveling-merchant/src/util/formatters.js","statementMap":{"0":{"start":{"line":1,"column":33},"end":{"line":10,"column":1}},"1":{"start":{"line":2,"column":2},"end":{"line":4,"column":3}},"2":{"start":{"line":3,"column":4},"end":{"line":3,"column":64}},"3":{"start":{"line":6,"column":2},"end":{"line":9,"column":33}},"4":{"start":{"line":12,"column":24},"end":{"line":13,"column":56}},"5":{"start":{"line":13,"column":2},"end":{"line":13,"column":56}},"6":{"start":{"line":15,"column":26},"end":{"line":36,"column":1}},"7":{"start":{"line":16,"column":2},"end":{"line":16,"column":28}},"8":{"start":{"line":16,"column":19},"end":{"line":16,"column":28}},"9":{"start":{"line":18,"column":2},"end":{"line":20,"column":3}},"10":{"start":{"line":19,"column":4},"end":{"line":19,"column":64}},"11":{"start":{"line":22,"column":18},"end":{"line":22,"column":38}},"12":{"start":{"line":24,"column":20},"end":{"line":33,"column":4}},"13":{"start":{"line":35,"column":2},"end":{"line":35,"column":34}},"14":{"start":{"line":38,"column":31},"end":{"line":38,"column":61}},"15":{"start":{"line":38,"column":37},"end":{"line":38,"column":61}},"16":{"start":{"line":40,"column":30},"end":{"line":40,"column":68}},"17":{"start":{"line":40,"column":46},"end":{"line":40,"column":68}},"18":{"start":{"line":42,"column":32},"end":{"line":43,"column":55}},"19":{"start":{"line":43,"column":2},"end":{"line":43,"column":55}},"20":{"start":{"line":45,"column":32},"end":{"line":58,"column":1}},"21":{"start":{"line":46,"column":19},"end":{"line":46,"column":36}},"22":{"start":{"line":48,"column":2},"end":{"line":55,"column":3}},"23":{"start":{"line":48,"column":15},"end":{"line":48,"column":16}},"24":{"start":{"line":49,"column":4},"end":{"line":49,"column":37}},"25":{"start":{"line":51,"column":4},"end":{"line":54,"column":5}},"26":{"start":{"line":52,"column":6},"end":{"line":52,"column":27}},"27":{"start":{"line":53,"column":6},"end":{"line":53,"column":11}},"28":{"start":{"line":57,"column":2},"end":{"line":57,"column":19}}},"fnMap":{"0":{"name":"(anonymous_0)","decl":{"start":{"line":1,"column":33},"end":{"line":1,"column":34}},"loc":{"start":{"line":1,"column":50},"end":{"line":10,"column":1}},"line":1},"1":{"name":"(anonymous_1)","decl":{"start":{"line":12,"column":24},"end":{"line":12,"column":25}},"loc":{"start":{"line":13,"column":2},"end":{"line":13,"column":56}},"line":13},"2":{"name":"(anonymous_2)","decl":{"start":{"line":15,"column":26},"end":{"line":15,"column":27}},"loc":{"start":{"line":15,"column":42},"end":{"line":36,"column":1}},"line":15},"3":{"name":"(anonymous_3)","decl":{"start":{"line":38,"column":31},"end":{"line":38,"column":32}},"loc":{"start":{"line":38,"column":37},"end":{"line":38,"column":61}},"line":38},"4":{"name":"(anonymous_4)","decl":{"start":{"line":40,"column":30},"end":{"line":40,"column":31}},"loc":{"start":{"line":40,"column":46},"end":{"line":40,"column":68}},"line":40},"5":{"name":"(anonymous_5)","decl":{"start":{"line":42,"column":32},"end":{"line":42,"column":33}},"loc":{"start":{"line":43,"column":2},"end":{"line":43,"column":55}},"line":43},"6":{"name":"(anonymous_6)","decl":{"start":{"line":45,"column":32},"end":{"line":45,"column":33}},"loc":{"start":{"line":45,"column":56},"end":{"line":58,"column":1}},"line":45}},"branchMap":{"0":{"loc":{"start":{"line":2,"column":2},"end":{"line":4,"column":3}},"type":"if","locations":[{"start":{"line":2,"column":2},"end":{"line":4,"column":3}},{"start":{},"end":{}}],"line":2},"1":{"loc":{"start":{"line":2,"column":6},"end":{"line":2,"column":70}},"type":"binary-expr","locations":[{"start":{"line":2,"column":6},"end":{"line":2,"column":37}},{"start":{"line":2,"column":41},"end":{"line":2,"column":70}}],"line":2},"2":{"loc":{"start":{"line":16,"column":2},"end":{"line":16,"column":28}},"type":"if","locations":[{"start":{"line":16,"column":2},"end":{"line":16,"column":28}},{"start":{},"end":{}}],"line":16},"3":{"loc":{"start":{"line":18,"column":2},"end":{"line":20,"column":3}},"type":"if","locations":[{"start":{"line":18,"column":2},"end":{"line":20,"column":3}},{"start":{},"end":{}}],"line":18},"4":{"loc":{"start":{"line":51,"column":4},"end":{"line":54,"column":5}},"type":"if","locations":[{"start":{"line":51,"column":4},"end":{"line":54,"column":5}},{"start":{},"end":{}}],"line":51},"5":{"loc":{"start":{"line":51,"column":8},"end":{"line":51,"column":26}},"type":"binary-expr","locations":[{"start":{"line":51,"column":8},"end":{"line":51,"column":15}},{"start":{"line":51,"column":19},"end":{"line":51,"column":26}}],"line":51}},"s":{"0":3,"1":0,"2":0,"3":0,"4":3,"5":0,"6":3,"7":0,"8":0,"9":0,"10":0,"11":0,"12":0,"13":0,"14":3,"15":0,"16":3,"17":0,"18":3,"19":0,"20":3,"21":0,"22":0,"23":0,"24":0,"25":0,"26":0,"27":0,"28":0},"f":{"0":0,"1":0,"2":0,"3":0,"4":0,"5":0,"6":0},"b":{"0":[0,0],"1":[0,0],"2":[0,0],"3":[0,0],"4":[0,0],"5":[0,0]},"_coverageSchema":"1a1c01bbd47fc00a2c39e90264f33305004495a9","hash":"12aed79fb8533516272707ed419feee8deff0b37"}
,"/home/david/Programming/projects/Full-Stack/traveling-merchant/src/util/routesColumnDefinitions.js": {"path":"/home/david/Programming/projects/Full-Stack/traveling-merchant/src/util/routesColumnDefinitions.js","statementMap":{},"fnMap":{},"branchMap":{},"s":{},"f":{},"b":{},"_coverageSchema":"1a1c01bbd47fc00a2c39e90264f33305004495a9","hash":"82b43d92e5d78a66f93beebb1355cf638eae2593"}
}
